<?xml version="1.0" encoding="UTF-8"?>
<!-- Generated by org.testng.reporters.JUnitReportReporter -->
<testsuite hostname="Kalai-PC" failures="0" tests="1" name="saytha.LED" time="29.885" errors="0" timestamp="23 May 2019 16:47:22 GMT" skipped="0">
  <testcase classname="saytha.LED" name="Led" time="29.885"/>
</testsuite> <!-- saytha.LED -->
