<?xml version="1.0" encoding="UTF-8"?>
<!-- Generated by org.testng.reporters.JUnitReportReporter -->
<testsuite hostname="Kalai-PC" failures="0" tests="2" name="saytha.HA" time="45.642" errors="0" timestamp="23 May 2019 16:29:32 GMT" skipped="0">
  <testcase classname="saytha.HA" name="Ha" time="5.016"/>
  <testcase classname="saytha.HA" name="GasStove" time="40.626"/>
</testsuite> <!-- saytha.HA -->
